2025-08-14 20:54:19,039 - INFO - Starting ETL process...
2025-08-14 20:54:19,039 - INFO - Loading table: ss_t_schools from schools.xlsx
2025-08-14 20:55:15,467 - INFO - Starting ETL process...
2025-08-14 20:55:15,467 - INFO - Loading table: ss_t_schools from schools.xlsx
2025-08-14 20:55:15,942 - INFO - Inserted 2 rows into ss_t_schools
2025-08-14 20:55:15,943 - INFO - Loading table: ss_t_grade from grades.xlsx
2025-08-14 20:55:15,988 - INFO - Inserted 3 rows into ss_t_grade
2025-08-14 20:55:15,988 - INFO - ETL process completed.
2025-08-16 00:58:21,521 - INFO - Starting ETL process...
2025-08-16 00:58:21,521 - INFO - Loading table: ss_t_attendance_type from attendance_type.xlsx
2025-08-16 00:58:22,606 - ERROR - Error loading ss_t_attendance_type: 1146 (42S02): Table 'school_db.ss_t_attendance_type' doesn't exist
2025-08-16 00:58:22,607 - INFO - Loading table: ss_t_attendance_register from attendance_register.xlsx
2025-08-16 00:58:22,686 - ERROR - Error loading ss_t_attendance_register: 1146 (42S02): Table 'school_db.ss_t_students' doesn't exist
2025-08-16 00:58:22,687 - INFO - Loading table: ss_t_class_diary from class_diary.xlsx
2025-08-16 00:58:22,733 - ERROR - Error loading ss_t_class_diary: 1146 (42S02): Table 'school_db.ss_t_grades' doesn't exist
2025-08-16 00:58:22,734 - INFO - Loading table: ss_t_class_timetable from class_timetable.xlsx
2025-08-16 00:58:22,777 - ERROR - Error loading ss_t_class_timetable: 1146 (42S02): Table 'school_db.ss_t_schools' doesn't exist
2025-08-16 00:58:22,777 - INFO - Loading table: ss_t_fee_payment_installment from fee_payment_installment.xlsx
2025-08-16 00:58:22,814 - ERROR - Error loading ss_t_fee_payment_installment: 1146 (42S02): Table 'school_db.ss_t_students' doesn't exist
2025-08-16 00:58:22,815 - INFO - Loading table: ss_t_grades from grades.xlsx
2025-08-16 00:58:22,853 - ERROR - Error loading ss_t_grades: 1146 (42S02): Table 'school_db.ss_t_schools' doesn't exist
2025-08-16 00:58:22,854 - INFO - Loading table: ss_t_homework from homework.xlsx
2025-08-16 00:58:22,887 - ERROR - Error loading ss_t_homework: 1146 (42S02): Table 'school_db.ss_t_schools' doesn't exist
2025-08-16 00:58:22,887 - INFO - Loading table: ss_t_lesson_plan from lesson_plan.xlsx
2025-08-16 00:58:22,925 - ERROR - Error loading ss_t_lesson_plan: 1146 (42S02): Table 'school_db.ss_t_teachers' doesn't exist
2025-08-16 00:58:22,927 - INFO - Loading table: ss_t_lesson_plan_topic_map from lesson_plan_topic_map.xlsx
2025-08-16 00:58:22,963 - ERROR - Error loading ss_t_lesson_plan_topic_map: 1146 (42S02): Table 'school_db.ss_t_lesson_plan' doesn't exist
2025-08-16 00:58:22,963 - INFO - Loading table: ss_t_school_income from school_income.xlsx
2025-08-16 00:58:22,997 - ERROR - Error loading ss_t_school_income: 1146 (42S02): Table 'school_db.ss_t_schools' doesn't exist
2025-08-16 00:58:22,998 - INFO - Loading table: ss_t_schools from schools.xlsx
2025-08-16 01:13:17,401 - INFO - Starting ETL process...
2025-08-16 01:13:17,402 - INFO - Loading table: ss_t_attendance_type from attendance_type.xlsx
2025-08-16 01:13:18,091 - INFO - Inserted 3 rows into ss_t_attendance_type
2025-08-16 01:13:18,093 - INFO - Loading table: ss_t_attendance_register from attendance_register.xlsx
2025-08-16 01:13:18,140 - ERROR - Error loading ss_t_attendance_register: Invalid FK values in 'student_id': {1, 2, 3}
2025-08-16 01:13:18,141 - INFO - Loading table: ss_t_class_diary from class_diary.xlsx
2025-08-16 01:13:18,180 - ERROR - Error loading ss_t_class_diary: 1146 (42S02): Table 'school_db.ss_t_grades' doesn't exist
2025-08-16 01:13:18,181 - INFO - Loading table: ss_t_class_timetable from class_timetable.xlsx
2025-08-16 01:13:18,210 - ERROR - Error loading ss_t_class_timetable: Invalid FK values in 'school_id': {1}
2025-08-16 01:13:18,211 - INFO - Loading table: ss_t_fee_payment_installment from fee_payment_installment.xlsx
2025-08-16 01:13:18,236 - ERROR - Error loading ss_t_fee_payment_installment: Invalid FK values in 'student_id': {1, 2}
2025-08-16 01:13:18,237 - INFO - Loading table: ss_t_grades from grades.xlsx
2025-08-16 01:13:18,262 - ERROR - Error loading ss_t_grades: Invalid FK values in 'school_id': {1}
2025-08-16 01:13:18,263 - INFO - Loading table: ss_t_homework from homework.xlsx
2025-08-16 01:13:18,286 - ERROR - Error loading ss_t_homework: Invalid FK values in 'school_id': {1}
2025-08-16 01:13:18,287 - INFO - Loading table: ss_t_lesson_plan from lesson_plan.xlsx
2025-08-16 01:13:18,311 - ERROR - Error loading ss_t_lesson_plan: Invalid FK values in 'teacher_id': {1, 2}
2025-08-16 01:13:18,312 - INFO - Loading table: ss_t_lesson_plan_topic_map from lesson_plan_topic_map.xlsx
2025-08-16 01:13:18,336 - ERROR - Error loading ss_t_lesson_plan_topic_map: 1146 (42S02): Table 'school_db.ss_t_lesson_plan' doesn't exist
2025-08-16 01:13:18,337 - INFO - Loading table: ss_t_school_income from school_income.xlsx
2025-08-16 01:13:18,361 - ERROR - Error loading ss_t_school_income: Invalid FK values in 'school_id': {1}
2025-08-16 01:13:18,362 - INFO - Loading table: ss_t_schools from schools.xlsx
2025-08-16 01:15:03,276 - INFO - Starting ETL process...
2025-08-16 01:15:03,276 - INFO - Loading table: ss_t_attendance_type from attendance_type.xlsx
2025-08-16 01:15:03,920 - ERROR - Error loading ss_t_attendance_type: 1062 (23000): Duplicate entry '1' for key 'ss_t_attendance_type.PRIMARY'
2025-08-16 01:15:03,921 - INFO - Loading table: ss_t_attendance_register from attendance_register.xlsx
2025-08-16 01:15:03,956 - ERROR - Error loading ss_t_attendance_register: Invalid FK values in 'student_id': {1, 2, 3}
2025-08-16 01:15:03,957 - INFO - Loading table: ss_t_class_diary from class_diary.xlsx
2025-08-16 01:15:03,995 - ERROR - Error loading ss_t_class_diary: 1146 (42S02): Table 'school_db.ss_t_grades' doesn't exist
2025-08-16 01:15:03,996 - INFO - Loading table: ss_t_class_timetable from class_timetable.xlsx
2025-08-16 01:15:04,024 - ERROR - Error loading ss_t_class_timetable: Invalid FK values in 'school_id': {1}
2025-08-16 01:15:04,025 - INFO - Loading table: ss_t_fee_payment_installment from fee_payment_installment.xlsx
2025-08-16 01:15:04,052 - ERROR - Error loading ss_t_fee_payment_installment: Invalid FK values in 'student_id': {1, 2}
2025-08-16 01:15:04,052 - INFO - Loading table: ss_t_grades from grades.xlsx
2025-08-16 01:15:04,080 - ERROR - Error loading ss_t_grades: Invalid FK values in 'school_id': {1}
2025-08-16 01:15:04,081 - INFO - Loading table: ss_t_homework from homework.xlsx
2025-08-16 01:15:04,114 - ERROR - Error loading ss_t_homework: Invalid FK values in 'school_id': {1}
2025-08-16 01:15:04,116 - INFO - Loading table: ss_t_lesson_plan from lesson_plan.xlsx
2025-08-16 01:15:04,146 - ERROR - Error loading ss_t_lesson_plan: Invalid FK values in 'teacher_id': {1, 2}
2025-08-16 01:15:04,146 - INFO - Loading table: ss_t_lesson_plan_topic_map from lesson_plan_topic_map.xlsx
2025-08-16 01:15:04,173 - ERROR - Error loading ss_t_lesson_plan_topic_map: 1146 (42S02): Table 'school_db.ss_t_lesson_plan' doesn't exist
2025-08-16 01:15:04,174 - INFO - Loading table: ss_t_school_income from school_income.xlsx
2025-08-16 01:15:04,200 - ERROR - Error loading ss_t_school_income: Invalid FK values in 'school_id': {1}
2025-08-16 01:15:04,201 - INFO - Loading table: ss_t_schools from schools.xlsx
2025-08-16 01:20:11,326 - INFO - Starting ETL process...
2025-08-16 01:20:11,327 - INFO - Loading table: ss_t_schools from schools.xlsx
2025-08-16 01:21:12,715 - INFO - Starting ETL process...
2025-08-16 01:21:12,716 - INFO - Loading table: ss_t_schools from schools.xlsx
2025-08-16 01:21:13,391 - ERROR - Error loading ss_t_schools: 'school_id'
2025-08-16 01:21:13,392 - INFO - Loading table: ss_t_grades from grades.xlsx
2025-08-16 01:21:13,429 - ERROR - Error loading ss_t_grades: Invalid FK values in 'school_id': {1}
2025-08-16 01:21:13,430 - INFO - Loading table: ss_t_sections from sections.xlsx
2025-08-16 01:21:13,468 - ERROR - Error loading ss_t_sections: 1146 (42S02): Table 'school_db.ss_t_grades' doesn't exist
2025-08-16 01:21:13,469 - INFO - Loading table: ss_t_subjects from subjects.xlsx
2025-08-16 01:21:13,497 - ERROR - Error loading ss_t_subjects: Invalid FK values in 'school_id': {1}
2025-08-16 01:21:13,498 - INFO - Loading table: ss_t_teachers from teachers.xlsx
2025-08-16 01:21:13,530 - ERROR - Error loading ss_t_teachers: Invalid FK values in 'school_id': {1}
2025-08-16 01:21:13,531 - INFO - Loading table: ss_t_students from students.xlsx
2025-08-16 01:21:13,562 - ERROR - Error loading ss_t_students: Invalid FK values in 'school_id': {1}
2025-08-16 01:21:13,563 - INFO - Loading table: ss_t_attendance_type from attendance_type.xlsx
2025-08-16 01:21:13,591 - ERROR - Error loading ss_t_attendance_type: 1062 (23000): Duplicate entry '1' for key 'ss_t_attendance_type.PRIMARY'
2025-08-16 01:21:13,592 - INFO - Loading table: ss_t_attendance_register from attendance_register.xlsx
2025-08-16 01:21:13,619 - ERROR - Error loading ss_t_attendance_register: Invalid FK values in 'student_id': {1, 2, 3}
2025-08-16 01:21:13,620 - INFO - Loading table: ss_t_class_diary from class_diary.xlsx
2025-08-16 01:21:13,650 - ERROR - Error loading ss_t_class_diary: 1146 (42S02): Table 'school_db.ss_t_grades' doesn't exist
2025-08-16 01:21:13,651 - INFO - Loading table: ss_t_class_timetable from class_timetable.xlsx
2025-08-16 01:21:13,683 - ERROR - Error loading ss_t_class_timetable: Invalid FK values in 'school_id': {1}
2025-08-16 01:21:13,684 - INFO - Loading table: ss_t_fee_payment_installment from fee_payment_installment.xlsx
2025-08-16 01:21:13,712 - ERROR - Error loading ss_t_fee_payment_installment: Invalid FK values in 'student_id': {1, 2}
2025-08-16 01:21:13,713 - INFO - Loading table: ss_t_homework from homework.xlsx
2025-08-16 01:21:13,737 - ERROR - Error loading ss_t_homework: Invalid FK values in 'school_id': {1}
2025-08-16 01:21:13,738 - INFO - Loading table: ss_t_lesson_plan from lesson_plan.xlsx
2025-08-16 01:21:13,762 - ERROR - Error loading ss_t_lesson_plan: Invalid FK values in 'teacher_id': {1, 2}
2025-08-16 01:21:13,763 - INFO - Loading table: ss_t_lesson_plan_topic_map from lesson_plan_topic_map.xlsx
2025-08-16 01:21:13,801 - ERROR - Error loading ss_t_lesson_plan_topic_map: 1146 (42S02): Table 'school_db.ss_t_lesson_plan' doesn't exist
2025-08-16 01:21:13,802 - INFO - Loading table: ss_t_school_income from school_income.xlsx
2025-08-16 01:21:13,832 - ERROR - Error loading ss_t_school_income: Invalid FK values in 'school_id': {1}
2025-08-16 01:21:13,833 - INFO - Loading table: ss_t_student_academic_map from student_academic_map.xlsx
2025-08-16 01:21:13,860 - ERROR - Error loading ss_t_student_academic_map: Invalid FK values in 'student_id': {1, 2}
2025-08-16 01:21:13,861 - INFO - Loading table: ss_t_student_fee_structure from student_fee_structure.xlsx
2025-08-16 01:21:13,894 - ERROR - Error loading ss_t_student_fee_structure: 1146 (42S02): Table 'school_db.ss_t_grades' doesn't exist
2025-08-16 01:21:13,894 - INFO - Loading table: ss_t_teacher_salary_payslip from teacher_salary_payslip.xlsx
2025-08-16 01:21:13,926 - ERROR - Error loading ss_t_teacher_salary_payslip: Invalid FK values in 'teacher_id': {1}
2025-08-16 01:21:13,927 - INFO - Loading table: ss_t_teacher_salary_structure from teacher_salary_structure.xlsx
2025-08-16 01:21:13,951 - ERROR - Error loading ss_t_teacher_salary_structure: Invalid FK values in 'teacher_id': {1, 2}
2025-08-16 01:21:13,952 - INFO - Loading table: ss_t_teacher_section_map from teacher_section_map.xlsx
2025-08-16 01:21:13,977 - ERROR - Error loading ss_t_teacher_section_map: Invalid FK values in 'teacher_id': {1, 2}
2025-08-16 01:21:13,978 - INFO - ETL process completed.
2025-08-16 01:29:40,641 - INFO - Starting ETL process...
2025-08-16 01:29:40,642 - INFO - Loading table: ss_t_schools from schools.xlsx
2025-08-16 01:29:41,267 - INFO - Inserted 2 rows into ss_t_schools
2025-08-16 01:29:41,268 - INFO - Loading table: ss_t_grades from grades.xlsx
2025-08-16 01:29:41,303 - INFO - Inserted 2 rows into ss_t_grades
2025-08-16 01:29:41,304 - INFO - Loading table: ss_t_sections from sections.xlsx
2025-08-16 01:29:41,339 - INFO - Inserted 2 rows into ss_t_sections
2025-08-16 01:29:41,340 - INFO - Loading table: ss_t_subjects from subjects.xlsx
2025-08-16 01:29:41,370 - INFO - Inserted 2 rows into ss_t_subjects
2025-08-16 01:29:41,370 - INFO - Loading table: ss_t_teachers from teachers.xlsx
2025-08-16 01:29:41,404 - INFO - Inserted 2 rows into ss_t_teachers
2025-08-16 01:29:41,404 - INFO - Loading table: ss_t_students from students.xlsx
2025-08-16 01:29:41,440 - INFO - Inserted 2 rows into ss_t_students
2025-08-16 01:29:41,442 - INFO - Loading table: ss_t_attendance_type from attendance_type.xlsx
2025-08-16 01:29:41,467 - INFO - Inserted 3 rows into ss_t_attendance_type
2025-08-16 01:29:41,467 - INFO - Loading table: ss_t_lesson_plan from lesson_plan.xlsx
2025-08-16 01:29:41,496 - INFO - Inserted 2 rows into ss_t_lesson_plan
2025-08-16 01:29:41,497 - INFO - Loading table: ss_t_lesson_plan_topic_map from lesson_plan_topic_map.xlsx
2025-08-16 01:29:41,521 - INFO - Inserted 2 rows into ss_t_lesson_plan_topic_map
2025-08-16 01:29:41,522 - INFO - Loading table: ss_t_class_timetable from class_timetable.xlsx
2025-08-16 01:29:41,560 - ERROR - Error loading ss_t_class_timetable: 1054 (42S22): Unknown column 'nan' in 'field list'
2025-08-16 01:29:41,561 - INFO - Loading table: ss_t_class_diary from class_diary.xlsx
2025-08-16 01:29:41,591 - INFO - Inserted 2 rows into ss_t_class_diary
2025-08-16 01:29:41,592 - INFO - Loading table: ss_t_homework from homework.xlsx
2025-08-16 01:29:41,630 - INFO - Inserted 2 rows into ss_t_homework
2025-08-16 01:29:41,631 - INFO - Loading table: ss_t_attendance_register from attendance_register.xlsx
2025-08-16 01:29:41,650 - ERROR - Error loading ss_t_attendance_register: Invalid FK values in 'student_id': {3}
2025-08-16 01:29:41,651 - INFO - Loading table: ss_t_fee_payment_installment from fee_payment_installment.xlsx
2025-08-16 01:29:41,679 - INFO - Inserted 2 rows into ss_t_fee_payment_installment
2025-08-16 01:29:41,680 - INFO - Loading table: ss_t_school_income from school_income.xlsx
2025-08-16 01:29:41,711 - INFO - Inserted 2 rows into ss_t_school_income
2025-08-16 01:29:41,712 - INFO - Loading table: ss_t_student_academic_map from student_academic_map.xlsx
2025-08-16 01:29:41,739 - INFO - Inserted 2 rows into ss_t_student_academic_map
2025-08-16 01:29:41,740 - INFO - Loading table: ss_t_student_fee_structure from student_fee_structure.xlsx
2025-08-16 01:29:41,763 - INFO - Inserted 2 rows into ss_t_student_fee_structure
2025-08-16 01:29:41,763 - INFO - Loading table: ss_t_teacher_salary_structure from teacher_salary_structure.xlsx
2025-08-16 01:29:41,788 - INFO - Inserted 2 rows into ss_t_teacher_salary_structure
2025-08-16 01:29:41,789 - INFO - Loading table: ss_t_teacher_salary_payslip from teacher_salary_payslip.xlsx
2025-08-16 01:29:41,815 - INFO - Inserted 2 rows into ss_t_teacher_salary_payslip
2025-08-16 01:29:41,816 - INFO - Loading table: ss_t_teacher_section_map from teacher_section_map.xlsx
2025-08-16 01:29:41,842 - INFO - Inserted 2 rows into ss_t_teacher_section_map
2025-08-16 01:29:41,843 - INFO - ETL process completed.
2025-08-16 01:33:15,053 - INFO - Starting ETL process...
2025-08-16 01:33:15,054 - INFO - Loading table: ss_t_schools from schools.xlsx
2025-08-16 01:33:15,743 - INFO - Inserted 2 rows into ss_t_schools
2025-08-16 01:33:15,744 - INFO - Loading table: ss_t_grades from grades.xlsx
2025-08-16 01:33:15,773 - INFO - Inserted 2 rows into ss_t_grades
2025-08-16 01:33:15,774 - INFO - Loading table: ss_t_sections from sections.xlsx
2025-08-16 01:33:15,799 - INFO - Inserted 2 rows into ss_t_sections
2025-08-16 01:33:15,800 - INFO - Loading table: ss_t_subjects from subjects.xlsx
2025-08-16 01:33:15,824 - INFO - Inserted 2 rows into ss_t_subjects
2025-08-16 01:33:15,825 - INFO - Loading table: ss_t_teachers from teachers.xlsx
2025-08-16 01:33:15,848 - INFO - Inserted 2 rows into ss_t_teachers
2025-08-16 01:33:15,849 - INFO - Loading table: ss_t_students from students.xlsx
2025-08-16 01:33:15,877 - INFO - Inserted 2 rows into ss_t_students
2025-08-16 01:33:15,878 - INFO - Loading table: ss_t_attendance_type from attendance_type.xlsx
2025-08-16 01:33:15,902 - INFO - Inserted 3 rows into ss_t_attendance_type
2025-08-16 01:33:15,903 - INFO - Loading table: ss_t_lesson_plan from lesson_plan.xlsx
2025-08-16 01:33:15,933 - INFO - Inserted 2 rows into ss_t_lesson_plan
2025-08-16 01:33:15,934 - INFO - Loading table: ss_t_lesson_plan_topic_map from lesson_plan_topic_map.xlsx
2025-08-16 01:33:15,958 - INFO - Inserted 2 rows into ss_t_lesson_plan_topic_map
2025-08-16 01:33:15,958 - INFO - Loading table: ss_t_class_timetable from class_timetable.xlsx
2025-08-16 01:33:15,989 - ERROR - Error loading ss_t_class_timetable: 1054 (42S22): Unknown column 'nan' in 'field list'
2025-08-16 01:33:15,990 - INFO - Loading table: ss_t_class_diary from class_diary.xlsx
2025-08-16 01:33:16,020 - INFO - Inserted 2 rows into ss_t_class_diary
2025-08-16 01:33:16,021 - INFO - Loading table: ss_t_homework from homework.xlsx
2025-08-16 01:33:16,051 - INFO - Inserted 2 rows into ss_t_homework
2025-08-16 01:33:16,052 - INFO - Loading table: ss_t_attendance_register from attendance_register.xlsx
2025-08-16 01:33:16,077 - INFO - Inserted 2 rows into ss_t_attendance_register
2025-08-16 01:33:16,078 - INFO - Loading table: ss_t_fee_payment_installment from fee_payment_installment.xlsx
2025-08-16 01:33:16,102 - INFO - Inserted 2 rows into ss_t_fee_payment_installment
2025-08-16 01:33:16,102 - INFO - Loading table: ss_t_school_income from school_income.xlsx
2025-08-16 01:33:16,125 - INFO - Inserted 2 rows into ss_t_school_income
2025-08-16 01:33:16,126 - INFO - Loading table: ss_t_student_academic_map from student_academic_map.xlsx
2025-08-16 01:33:16,154 - INFO - Inserted 2 rows into ss_t_student_academic_map
2025-08-16 01:33:16,155 - INFO - Loading table: ss_t_student_fee_structure from student_fee_structure.xlsx
2025-08-16 01:33:16,177 - INFO - Inserted 2 rows into ss_t_student_fee_structure
2025-08-16 01:33:16,177 - INFO - Loading table: ss_t_teacher_salary_structure from teacher_salary_structure.xlsx
2025-08-16 01:33:16,200 - INFO - Inserted 2 rows into ss_t_teacher_salary_structure
2025-08-16 01:33:16,201 - INFO - Loading table: ss_t_teacher_salary_payslip from teacher_salary_payslip.xlsx
2025-08-16 01:33:16,227 - INFO - Inserted 2 rows into ss_t_teacher_salary_payslip
2025-08-16 01:33:16,228 - INFO - Loading table: ss_t_teacher_section_map from teacher_section_map.xlsx
2025-08-16 01:33:16,256 - INFO - Inserted 2 rows into ss_t_teacher_section_map
2025-08-16 01:33:16,257 - INFO - ETL process completed.
2025-08-16 01:35:19,014 - INFO - Starting ETL process...
2025-08-16 01:35:19,014 - INFO - Loading table: ss_t_schools from schools.xlsx
2025-08-16 01:35:19,571 - INFO - Inserted 2 rows into ss_t_schools
2025-08-16 01:35:19,573 - INFO - Loading table: ss_t_grades from grades.xlsx
2025-08-16 01:35:19,599 - INFO - Inserted 2 rows into ss_t_grades
2025-08-16 01:35:19,600 - INFO - Loading table: ss_t_sections from sections.xlsx
2025-08-16 01:35:19,628 - INFO - Inserted 2 rows into ss_t_sections
2025-08-16 01:35:19,629 - INFO - Loading table: ss_t_subjects from subjects.xlsx
2025-08-16 01:35:19,657 - INFO - Inserted 2 rows into ss_t_subjects
2025-08-16 01:35:19,658 - INFO - Loading table: ss_t_teachers from teachers.xlsx
2025-08-16 01:35:19,686 - INFO - Inserted 2 rows into ss_t_teachers
2025-08-16 01:35:19,687 - INFO - Loading table: ss_t_students from students.xlsx
2025-08-16 01:35:19,716 - INFO - Inserted 2 rows into ss_t_students
2025-08-16 01:35:19,717 - INFO - Loading table: ss_t_attendance_type from attendance_type.xlsx
2025-08-16 01:35:19,743 - INFO - Inserted 3 rows into ss_t_attendance_type
2025-08-16 01:35:19,744 - INFO - Loading table: ss_t_lesson_plan from lesson_plan.xlsx
2025-08-16 01:35:19,769 - INFO - Inserted 2 rows into ss_t_lesson_plan
2025-08-16 01:35:19,770 - INFO - Loading table: ss_t_lesson_plan_topic_map from lesson_plan_topic_map.xlsx
2025-08-16 01:35:19,794 - INFO - Inserted 2 rows into ss_t_lesson_plan_topic_map
2025-08-16 01:35:19,795 - INFO - Loading table: ss_t_class_timetable from class_timetable.xlsx
2025-08-16 01:35:19,832 - INFO - Inserted 2 rows into ss_t_class_timetable
2025-08-16 01:35:19,833 - INFO - Loading table: ss_t_class_diary from class_diary.xlsx
2025-08-16 01:35:19,865 - INFO - Inserted 2 rows into ss_t_class_diary
2025-08-16 01:35:19,866 - INFO - Loading table: ss_t_homework from homework.xlsx
2025-08-16 01:35:19,900 - INFO - Inserted 2 rows into ss_t_homework
2025-08-16 01:35:19,900 - INFO - Loading table: ss_t_attendance_register from attendance_register.xlsx
2025-08-16 01:35:19,925 - INFO - Inserted 2 rows into ss_t_attendance_register
2025-08-16 01:35:19,926 - INFO - Loading table: ss_t_fee_payment_installment from fee_payment_installment.xlsx
2025-08-16 01:35:19,949 - INFO - Inserted 2 rows into ss_t_fee_payment_installment
2025-08-16 01:35:19,950 - INFO - Loading table: ss_t_school_income from school_income.xlsx
2025-08-16 01:35:19,976 - INFO - Inserted 2 rows into ss_t_school_income
2025-08-16 01:35:19,977 - INFO - Loading table: ss_t_student_academic_map from student_academic_map.xlsx
2025-08-16 01:35:20,000 - INFO - Inserted 2 rows into ss_t_student_academic_map
2025-08-16 01:35:20,001 - INFO - Loading table: ss_t_student_fee_structure from student_fee_structure.xlsx
2025-08-16 01:35:20,024 - INFO - Inserted 2 rows into ss_t_student_fee_structure
2025-08-16 01:35:20,025 - INFO - Loading table: ss_t_teacher_salary_structure from teacher_salary_structure.xlsx
2025-08-16 01:35:20,048 - INFO - Inserted 2 rows into ss_t_teacher_salary_structure
2025-08-16 01:35:20,048 - INFO - Loading table: ss_t_teacher_salary_payslip from teacher_salary_payslip.xlsx
2025-08-16 01:35:20,076 - INFO - Inserted 2 rows into ss_t_teacher_salary_payslip
2025-08-16 01:35:20,077 - INFO - Loading table: ss_t_teacher_section_map from teacher_section_map.xlsx
2025-08-16 01:35:20,102 - INFO - Inserted 2 rows into ss_t_teacher_section_map
2025-08-16 01:35:20,102 - INFO - ETL process completed.
2025-08-16 14:20:11,765 - INFO - Starting ETL process...
2025-08-16 14:20:11,766 - INFO - Loading table: ss_t_schools from schools.xlsx
2025-08-16 14:20:12,613 - ERROR - Error loading ss_t_schools: 1054 (42S22): Unknown column 'updated_at' in 'field list'
2025-08-16 14:20:12,614 - INFO - Loading table: ss_t_grades from grades.xlsx
2025-08-16 14:20:12,653 - ERROR - Error loading ss_t_grades: Invalid FK values in 'school_id': {1}
2025-08-16 14:20:12,653 - INFO - Loading table: ss_t_sections from sections.xlsx
2025-08-16 14:20:12,687 - ERROR - Error loading ss_t_sections: Invalid FK values in 'grade_id': {1}
2025-08-16 14:20:12,687 - INFO - Loading table: ss_t_subjects from subjects.xlsx
2025-08-16 14:20:12,717 - ERROR - Error loading ss_t_subjects: Invalid FK values in 'school_id': {1}
2025-08-16 14:20:12,718 - INFO - Loading table: ss_t_teachers from teachers.xlsx
2025-08-16 14:20:12,746 - ERROR - Error loading ss_t_teachers: Invalid FK values in 'school_id': {1}
2025-08-16 14:20:12,747 - INFO - Loading table: ss_t_students from students.xlsx
2025-08-16 14:20:12,774 - ERROR - Error loading ss_t_students: Invalid FK values in 'school_id': {1}
2025-08-16 14:20:12,775 - INFO - Loading table: ss_t_attendance_type from attendance_type.xlsx
2025-08-16 14:20:12,798 - ERROR - Error loading ss_t_attendance_type: 1054 (42S22): Unknown column 'updated_at' in 'field list'
2025-08-16 14:20:12,799 - INFO - Loading table: ss_t_lesson_plan from lesson_plan.xlsx
2025-08-16 14:20:12,826 - ERROR - Error loading ss_t_lesson_plan: Invalid FK values in 'teacher_id': {1, 2}
2025-08-16 14:20:12,827 - INFO - Loading table: ss_t_lesson_plan_topic_map from lesson_plan_topic_map.xlsx
2025-08-16 14:20:12,852 - ERROR - Error loading ss_t_lesson_plan_topic_map: Invalid FK values in 'lesson_plan_id': {1}
2025-08-16 14:20:12,853 - INFO - Loading table: ss_t_class_timetable from class_timetable.xlsx
2025-08-16 14:20:12,880 - ERROR - Error loading ss_t_class_timetable: Invalid FK values in 'school_id': {1}
2025-08-16 14:20:12,881 - INFO - Loading table: ss_t_class_diary from class_diary.xlsx
2025-08-16 14:20:12,902 - ERROR - Error loading ss_t_class_diary: Invalid FK values in 'grade_id': {1}
2025-08-16 14:20:12,903 - INFO - Loading table: ss_t_homework from homework.xlsx
2025-08-16 14:20:12,929 - ERROR - Error loading ss_t_homework: Invalid FK values in 'school_id': {1}
2025-08-16 14:20:12,929 - INFO - Loading table: ss_t_attendance_register from attendance_register.xlsx
2025-08-16 14:20:12,954 - ERROR - Error loading ss_t_attendance_register: Invalid FK values in 'student_id': {1, 2}
2025-08-16 14:20:12,955 - INFO - Loading table: ss_t_fee_payment_installment from fee_payment_installment.xlsx
2025-08-16 14:20:12,980 - ERROR - Error loading ss_t_fee_payment_installment: Invalid FK values in 'student_id': {1, 2}
2025-08-16 14:20:12,981 - INFO - Loading table: ss_t_school_income from school_income.xlsx
2025-08-16 14:20:13,008 - ERROR - Error loading ss_t_school_income: Invalid FK values in 'school_id': {1}
2025-08-16 14:20:13,009 - INFO - Loading table: ss_t_student_academic_map from student_academic_map.xlsx
2025-08-16 14:20:13,035 - ERROR - Error loading ss_t_student_academic_map: Invalid FK values in 'student_id': {1, 2}
2025-08-16 14:20:13,036 - INFO - Loading table: ss_t_student_fee_structure from student_fee_structure.xlsx
2025-08-16 14:20:13,063 - ERROR - Error loading ss_t_student_fee_structure: Invalid FK values in 'grade_id': {1, 2}
2025-08-16 14:20:13,064 - INFO - Loading table: ss_t_teacher_salary_structure from teacher_salary_structure.xlsx
2025-08-16 14:20:13,088 - ERROR - Error loading ss_t_teacher_salary_structure: Invalid FK values in 'teacher_id': {1, 2}
2025-08-16 14:20:13,089 - INFO - Loading table: ss_t_teacher_salary_payslip from teacher_salary_payslip.xlsx
2025-08-16 14:20:13,112 - ERROR - Error loading ss_t_teacher_salary_payslip: Invalid FK values in 'teacher_id': {1}
2025-08-16 14:20:13,113 - INFO - Loading table: ss_t_teacher_section_map from teacher_section_map.xlsx
2025-08-16 14:20:13,135 - ERROR - Error loading ss_t_teacher_section_map: Invalid FK values in 'teacher_id': {1, 2}
2025-08-16 14:20:13,135 - INFO - ETL process completed.
2025-08-16 14:24:15,710 - INFO - Starting ETL process...
2025-08-16 14:24:15,711 - INFO - Loading table: ss_t_schools from schools.xlsx
2025-08-16 14:24:16,375 - INFO - Inserted 2 rows into ss_t_schools
2025-08-16 14:24:16,376 - INFO - Loading table: ss_t_grades from grades.xlsx
2025-08-16 14:24:16,434 - INFO - Inserted 2 rows into ss_t_grades
2025-08-16 14:24:16,435 - INFO - Loading table: ss_t_sections from sections.xlsx
2025-08-16 14:24:16,474 - INFO - Inserted 2 rows into ss_t_sections
2025-08-16 14:24:16,475 - INFO - Loading table: ss_t_subjects from subjects.xlsx
2025-08-16 14:24:16,517 - INFO - Inserted 2 rows into ss_t_subjects
2025-08-16 14:24:16,518 - INFO - Loading table: ss_t_teachers from teachers.xlsx
2025-08-16 14:24:16,563 - INFO - Inserted 2 rows into ss_t_teachers
2025-08-16 14:24:16,564 - INFO - Loading table: ss_t_students from students.xlsx
2025-08-16 14:24:16,607 - INFO - Inserted 2 rows into ss_t_students
2025-08-16 14:24:16,608 - INFO - Loading table: ss_t_attendance_type from attendance_type.xlsx
2025-08-16 14:24:16,652 - INFO - Inserted 3 rows into ss_t_attendance_type
2025-08-16 14:24:16,653 - INFO - Loading table: ss_t_lesson_plan from lesson_plan.xlsx
2025-08-16 14:24:16,691 - INFO - Inserted 2 rows into ss_t_lesson_plan
2025-08-16 14:24:16,692 - INFO - Loading table: ss_t_lesson_plan_topic_map from lesson_plan_topic_map.xlsx
2025-08-16 14:24:16,726 - INFO - Inserted 2 rows into ss_t_lesson_plan_topic_map
2025-08-16 14:24:16,727 - INFO - Loading table: ss_t_class_timetable from class_timetable.xlsx
2025-08-16 14:24:16,770 - INFO - Inserted 2 rows into ss_t_class_timetable
2025-08-16 14:24:16,771 - INFO - Loading table: ss_t_class_diary from class_diary.xlsx
2025-08-16 14:24:16,811 - INFO - Inserted 2 rows into ss_t_class_diary
2025-08-16 14:24:16,812 - INFO - Loading table: ss_t_homework from homework.xlsx
2025-08-16 14:24:16,847 - INFO - Inserted 2 rows into ss_t_homework
2025-08-16 14:24:16,848 - INFO - Loading table: ss_t_attendance_register from attendance_register.xlsx
2025-08-16 14:24:16,879 - INFO - Inserted 2 rows into ss_t_attendance_register
2025-08-16 14:24:16,879 - INFO - Loading table: ss_t_fee_payment_installment from fee_payment_installment.xlsx
2025-08-16 14:24:16,914 - INFO - Inserted 2 rows into ss_t_fee_payment_installment
2025-08-16 14:24:16,915 - INFO - Loading table: ss_t_school_income from school_income.xlsx
2025-08-16 14:24:16,947 - INFO - Inserted 2 rows into ss_t_school_income
2025-08-16 14:24:16,948 - INFO - Loading table: ss_t_student_academic_map from student_academic_map.xlsx
2025-08-16 14:24:16,982 - INFO - Inserted 2 rows into ss_t_student_academic_map
2025-08-16 14:24:16,983 - INFO - Loading table: ss_t_student_fee_structure from student_fee_structure.xlsx
2025-08-16 14:24:17,008 - INFO - Inserted 2 rows into ss_t_student_fee_structure
2025-08-16 14:24:17,009 - INFO - Loading table: ss_t_teacher_salary_structure from teacher_salary_structure.xlsx
2025-08-16 14:24:17,037 - INFO - Inserted 2 rows into ss_t_teacher_salary_structure
2025-08-16 14:24:17,037 - INFO - Loading table: ss_t_teacher_salary_payslip from teacher_salary_payslip.xlsx
2025-08-16 14:24:17,063 - INFO - Inserted 2 rows into ss_t_teacher_salary_payslip
2025-08-16 14:24:17,064 - INFO - Loading table: ss_t_teacher_section_map from teacher_section_map.xlsx
2025-08-16 14:24:17,096 - INFO - Inserted 2 rows into ss_t_teacher_section_map
2025-08-16 14:24:17,097 - INFO - ETL process completed.
2025-08-16 17:25:09,711 - INFO - Starting ETL process...
2025-08-16 17:25:09,711 - INFO - Loading table: ss_t_schools from schools.xlsx
2025-08-16 17:25:10,467 - INFO - Inserted 2 rows into ss_t_schools
2025-08-16 17:25:10,468 - INFO - Loading table: ss_t_grades from grades.xlsx
2025-08-16 17:25:10,509 - INFO - Inserted 2 rows into ss_t_grades
2025-08-16 17:25:10,511 - INFO - Loading table: ss_t_sections from sections.xlsx
2025-08-16 17:25:10,539 - INFO - Inserted 2 rows into ss_t_sections
2025-08-16 17:25:10,541 - INFO - Loading table: ss_t_subjects from subjects.xlsx
2025-08-16 17:25:10,575 - INFO - Inserted 2 rows into ss_t_subjects
2025-08-16 17:25:10,576 - INFO - Loading table: ss_t_teachers from teachers.xlsx
2025-08-16 17:25:10,602 - INFO - Inserted 2 rows into ss_t_teachers
2025-08-16 17:25:10,603 - INFO - Loading table: ss_t_students from students.xlsx
2025-08-16 17:25:10,633 - INFO - Inserted 2 rows into ss_t_students
2025-08-16 17:25:10,634 - INFO - Loading table: ss_t_attendance_type from attendance_type.xlsx
2025-08-16 17:25:10,660 - INFO - Inserted 3 rows into ss_t_attendance_type
2025-08-16 17:25:10,661 - INFO - Loading table: ss_t_lesson_plan from lesson_plan.xlsx
2025-08-16 17:25:10,688 - INFO - Inserted 2 rows into ss_t_lesson_plan
2025-08-16 17:25:10,689 - INFO - Loading table: ss_t_lesson_plan_topic_map from lesson_plan_topic_map.xlsx
2025-08-16 17:25:10,716 - INFO - Inserted 2 rows into ss_t_lesson_plan_topic_map
2025-08-16 17:25:10,717 - INFO - Loading table: ss_t_class_timetable from class_timetable.xlsx
2025-08-16 17:25:10,752 - INFO - Inserted 2 rows into ss_t_class_timetable
2025-08-16 17:25:10,753 - INFO - Loading table: ss_t_class_diary from class_diary.xlsx
2025-08-16 17:25:10,784 - INFO - Inserted 2 rows into ss_t_class_diary
2025-08-16 17:25:10,785 - INFO - Loading table: ss_t_homework from homework.xlsx
2025-08-16 17:25:10,815 - INFO - Inserted 2 rows into ss_t_homework
2025-08-16 17:25:10,816 - INFO - Loading table: ss_t_attendance_register from attendance_register.xlsx
2025-08-16 17:25:10,842 - INFO - Inserted 2 rows into ss_t_attendance_register
2025-08-16 17:25:10,842 - INFO - Loading table: ss_t_fee_payment_installment from fee_payment_installment.xlsx
2025-08-16 17:25:10,870 - INFO - Inserted 2 rows into ss_t_fee_payment_installment
2025-08-16 17:25:10,870 - INFO - Loading table: ss_t_school_income from school_income.xlsx
2025-08-16 17:25:10,900 - INFO - Inserted 2 rows into ss_t_school_income
2025-08-16 17:25:10,900 - INFO - Loading table: ss_t_student_academic_map from student_academic_map.xlsx
2025-08-16 17:25:10,931 - INFO - Inserted 2 rows into ss_t_student_academic_map
2025-08-16 17:25:10,931 - INFO - Loading table: ss_t_student_fee_structure from student_fee_structure.xlsx
2025-08-16 17:25:10,956 - INFO - Inserted 2 rows into ss_t_student_fee_structure
2025-08-16 17:25:10,957 - INFO - Loading table: ss_t_teacher_salary_structure from teacher_salary_structure.xlsx
2025-08-16 17:25:10,983 - INFO - Inserted 2 rows into ss_t_teacher_salary_structure
2025-08-16 17:25:10,984 - INFO - Loading table: ss_t_teacher_salary_payslip from teacher_salary_payslip.xlsx
2025-08-16 17:25:11,009 - ERROR - Error loading ss_t_teacher_salary_payslip: 1366 (HY000): Incorrect integer value: 'June' for column 'month' at row 1
2025-08-16 17:25:11,010 - INFO - Loading table: ss_t_teacher_section_map from teacher_section_map.xlsx
2025-08-16 17:25:11,040 - INFO - Inserted 2 rows into ss_t_teacher_section_map
2025-08-16 17:25:11,040 - INFO - ETL process completed.
2025-08-16 17:29:39,086 - INFO - Starting ETL process...
2025-08-16 17:29:39,087 - INFO - Loading table: ss_t_schools from schools.xlsx
2025-08-16 17:29:39,703 - INFO - Inserted 2 rows into ss_t_schools
2025-08-16 17:29:39,704 - INFO - Loading table: ss_t_grades from grades.xlsx
2025-08-16 17:29:39,743 - INFO - Inserted 2 rows into ss_t_grades
2025-08-16 17:29:39,744 - INFO - Loading table: ss_t_sections from sections.xlsx
2025-08-16 17:29:39,785 - INFO - Inserted 2 rows into ss_t_sections
2025-08-16 17:29:39,786 - INFO - Loading table: ss_t_subjects from subjects.xlsx
2025-08-16 17:29:39,818 - INFO - Inserted 2 rows into ss_t_subjects
2025-08-16 17:29:39,819 - INFO - Loading table: ss_t_teachers from teachers.xlsx
2025-08-16 17:29:39,855 - INFO - Inserted 2 rows into ss_t_teachers
2025-08-16 17:29:39,856 - INFO - Loading table: ss_t_students from students.xlsx
2025-08-16 17:29:39,893 - INFO - Inserted 2 rows into ss_t_students
2025-08-16 17:29:39,893 - INFO - Loading table: ss_t_attendance_type from attendance_type.xlsx
2025-08-16 17:29:39,922 - INFO - Inserted 3 rows into ss_t_attendance_type
2025-08-16 17:29:39,923 - INFO - Loading table: ss_t_lesson_plan from lesson_plan.xlsx
2025-08-16 17:29:39,959 - INFO - Inserted 2 rows into ss_t_lesson_plan
2025-08-16 17:29:39,960 - INFO - Loading table: ss_t_lesson_plan_topic_map from lesson_plan_topic_map.xlsx
2025-08-16 17:29:39,994 - INFO - Inserted 2 rows into ss_t_lesson_plan_topic_map
2025-08-16 17:29:39,995 - INFO - Loading table: ss_t_class_timetable from class_timetable.xlsx
2025-08-16 17:29:40,037 - INFO - Inserted 2 rows into ss_t_class_timetable
2025-08-16 17:29:40,038 - INFO - Loading table: ss_t_class_diary from class_diary.xlsx
2025-08-16 17:29:40,076 - INFO - Inserted 2 rows into ss_t_class_diary
2025-08-16 17:29:40,077 - INFO - Loading table: ss_t_homework from homework.xlsx
2025-08-16 17:29:40,116 - INFO - Inserted 2 rows into ss_t_homework
2025-08-16 17:29:40,117 - INFO - Loading table: ss_t_attendance_register from attendance_register.xlsx
2025-08-16 17:29:40,150 - INFO - Inserted 2 rows into ss_t_attendance_register
2025-08-16 17:29:40,151 - INFO - Loading table: ss_t_fee_payment_installment from fee_payment_installment.xlsx
2025-08-16 17:29:40,184 - INFO - Inserted 2 rows into ss_t_fee_payment_installment
2025-08-16 17:29:40,184 - INFO - Loading table: ss_t_school_income from school_income.xlsx
2025-08-16 17:29:40,215 - INFO - Inserted 2 rows into ss_t_school_income
2025-08-16 17:29:40,216 - INFO - Loading table: ss_t_student_academic_map from student_academic_map.xlsx
2025-08-16 17:29:40,245 - INFO - Inserted 2 rows into ss_t_student_academic_map
2025-08-16 17:29:40,246 - INFO - Loading table: ss_t_student_fee_structure from student_fee_structure.xlsx
2025-08-16 17:29:40,278 - INFO - Inserted 2 rows into ss_t_student_fee_structure
2025-08-16 17:29:40,279 - INFO - Loading table: ss_t_teacher_salary_structure from teacher_salary_structure.xlsx
2025-08-16 17:29:40,309 - INFO - Inserted 2 rows into ss_t_teacher_salary_structure
2025-08-16 17:29:40,310 - INFO - Loading table: ss_t_teacher_salary_payslip from teacher_salary_payslip.xlsx
2025-08-16 17:29:40,342 - INFO - Inserted 2 rows into ss_t_teacher_salary_payslip
2025-08-16 17:29:40,342 - INFO - Loading table: ss_t_teacher_section_map from teacher_section_map.xlsx
2025-08-16 17:29:40,373 - INFO - Inserted 2 rows into ss_t_teacher_section_map
2025-08-16 17:29:40,374 - INFO - ETL process completed.
2025-08-16 17:49:15,218 - INFO - Starting ETL process...
2025-08-16 17:49:15,219 - INFO - Loading table: ss_t_schools from schools.xlsx
2025-08-16 17:49:16,092 - INFO - Inserted 2 rows into ss_t_schools
2025-08-16 17:49:16,093 - INFO - Loading table: ss_t_grades from grades.xlsx
2025-08-16 17:49:16,142 - INFO - Inserted 2 rows into ss_t_grades
2025-08-16 17:49:16,143 - INFO - Loading table: ss_t_sections from sections.xlsx
2025-08-16 17:49:16,191 - INFO - Inserted 2 rows into ss_t_sections
2025-08-16 17:49:16,192 - INFO - Loading table: ss_t_subjects from subjects.xlsx
2025-08-16 17:49:16,231 - INFO - Inserted 2 rows into ss_t_subjects
2025-08-16 17:49:16,232 - INFO - Loading table: ss_t_teachers from teachers.xlsx
2025-08-16 17:49:16,275 - INFO - Inserted 2 rows into ss_t_teachers
2025-08-16 17:49:16,276 - INFO - Loading table: ss_t_students from students.xlsx
2025-08-16 17:49:16,326 - INFO - Inserted 2 rows into ss_t_students
2025-08-16 17:49:16,327 - INFO - Loading table: ss_t_attendance_type from attendance_type.xlsx
2025-08-16 17:49:16,358 - INFO - Inserted 3 rows into ss_t_attendance_type
2025-08-16 17:49:16,359 - INFO - Loading table: ss_t_lesson_plan from lesson_plan.xlsx
2025-08-16 17:49:16,401 - INFO - Inserted 2 rows into ss_t_lesson_plan
2025-08-16 17:49:16,402 - INFO - Loading table: ss_t_lesson_plan_topic_map from lesson_plan_topic_map.xlsx
2025-08-16 17:49:16,434 - INFO - Inserted 2 rows into ss_t_lesson_plan_topic_map
2025-08-16 17:49:16,435 - INFO - Loading table: ss_t_class_timetable from class_timetable.xlsx
2025-08-16 17:49:16,479 - INFO - Inserted 2 rows into ss_t_class_timetable
2025-08-16 17:49:16,480 - INFO - Loading table: ss_t_class_diary from class_diary.xlsx
2025-08-16 17:49:16,528 - INFO - Inserted 2 rows into ss_t_class_diary
2025-08-16 17:49:16,529 - INFO - Loading table: ss_t_homework from homework.xlsx
2025-08-16 17:49:16,575 - INFO - Inserted 2 rows into ss_t_homework
2025-08-16 17:49:16,576 - INFO - Loading table: ss_t_attendance_register from attendance_register.xlsx
2025-08-16 17:49:16,608 - INFO - Inserted 2 rows into ss_t_attendance_register
2025-08-16 17:49:16,609 - INFO - Loading table: ss_t_fee_payment_installment from fee_payment_installment.xlsx
2025-08-16 17:49:16,644 - INFO - Inserted 2 rows into ss_t_fee_payment_installment
2025-08-16 17:49:16,645 - INFO - Loading table: ss_t_school_income from school_income.xlsx
2025-08-16 17:49:16,679 - INFO - Inserted 2 rows into ss_t_school_income
2025-08-16 17:49:16,679 - INFO - Loading table: ss_t_student_academic_map from student_academic_map.xlsx
2025-08-16 17:49:16,712 - INFO - Inserted 2 rows into ss_t_student_academic_map
2025-08-16 17:49:16,713 - INFO - Loading table: ss_t_student_fee_structure from student_fee_structure.xlsx
2025-08-16 17:49:16,747 - INFO - Inserted 2 rows into ss_t_student_fee_structure
2025-08-16 17:49:16,748 - INFO - Loading table: ss_t_teacher_salary_structure from teacher_salary_structure.xlsx
2025-08-16 17:49:16,778 - INFO - Inserted 2 rows into ss_t_teacher_salary_structure
2025-08-16 17:49:16,779 - INFO - Loading table: ss_t_teacher_salary_payslip from teacher_salary_payslip.xlsx
2025-08-16 17:49:16,814 - INFO - Inserted 2 rows into ss_t_teacher_salary_payslip
2025-08-16 17:49:16,815 - INFO - Loading table: ss_t_teacher_section_map from teacher_section_map.xlsx
2025-08-16 17:49:16,851 - INFO - Inserted 2 rows into ss_t_teacher_section_map
2025-08-16 17:49:16,852 - INFO - ETL process completed.
2025-08-16 18:04:03,645 - INFO - Starting ETL process...
2025-08-16 18:04:03,646 - INFO - Loading table: ss_t_schools from schools.xlsx
2025-08-16 18:04:04,471 - INFO - Inserted 2 rows into ss_t_schools
2025-08-16 18:04:04,472 - INFO - Loading table: ss_t_grades from grades.xlsx
2025-08-16 18:04:04,530 - INFO - Inserted 2 rows into ss_t_grades
2025-08-16 18:04:04,531 - INFO - Loading table: ss_t_sections from sections.xlsx
2025-08-16 18:04:04,579 - INFO - Inserted 2 rows into ss_t_sections
2025-08-16 18:04:04,580 - INFO - Loading table: ss_t_subjects from subjects.xlsx
2025-08-16 18:04:04,619 - INFO - Inserted 2 rows into ss_t_subjects
2025-08-16 18:04:04,621 - INFO - Loading table: ss_t_teachers from teachers.xlsx
2025-08-16 18:04:04,667 - INFO - Inserted 2 rows into ss_t_teachers
2025-08-16 18:04:04,668 - INFO - Loading table: ss_t_students from students.xlsx
2025-08-16 18:04:04,718 - INFO - Inserted 2 rows into ss_t_students
2025-08-16 18:04:04,719 - INFO - Loading table: ss_t_attendance_type from attendance_type.xlsx
2025-08-16 18:04:04,758 - INFO - Inserted 3 rows into ss_t_attendance_type
2025-08-16 18:04:04,759 - INFO - Loading table: ss_t_lesson_plan from lesson_plan.xlsx
2025-08-16 18:04:04,799 - INFO - Inserted 2 rows into ss_t_lesson_plan
2025-08-16 18:04:04,800 - INFO - Loading table: ss_t_lesson_plan_topic_map from lesson_plan_topic_map.xlsx
2025-08-16 18:04:04,836 - INFO - Inserted 2 rows into ss_t_lesson_plan_topic_map
2025-08-16 18:04:04,837 - INFO - Loading table: ss_t_class_timetable from class_timetable.xlsx
2025-08-16 18:04:04,884 - INFO - Inserted 2 rows into ss_t_class_timetable
2025-08-16 18:04:04,885 - INFO - Loading table: ss_t_class_diary from class_diary.xlsx
2025-08-16 18:04:04,933 - INFO - Inserted 2 rows into ss_t_class_diary
2025-08-16 18:04:04,934 - INFO - Loading table: ss_t_homework from homework.xlsx
2025-08-16 18:04:04,981 - INFO - Inserted 2 rows into ss_t_homework
2025-08-16 18:04:04,982 - INFO - Loading table: ss_t_attendance_register from attendance_register.xlsx
2025-08-16 18:04:05,020 - INFO - Inserted 2 rows into ss_t_attendance_register
2025-08-16 18:04:05,021 - INFO - Loading table: ss_t_fee_payment_installment from fee_payment_installment.xlsx
2025-08-16 18:04:05,063 - INFO - Inserted 2 rows into ss_t_fee_payment_installment
2025-08-16 18:04:05,064 - INFO - Loading table: ss_t_school_income from school_income.xlsx
2025-08-16 18:04:05,106 - INFO - Inserted 2 rows into ss_t_school_income
2025-08-16 18:04:05,107 - INFO - Loading table: ss_t_student_academic_map from student_academic_map.xlsx
2025-08-16 18:04:05,142 - INFO - Inserted 2 rows into ss_t_student_academic_map
2025-08-16 18:04:05,143 - INFO - Loading table: ss_t_student_fee_structure from student_fee_structure.xlsx
2025-08-16 18:04:05,174 - INFO - Inserted 2 rows into ss_t_student_fee_structure
2025-08-16 18:04:05,174 - INFO - Loading table: ss_t_teacher_salary_structure from teacher_salary_structure.xlsx
2025-08-16 18:04:05,204 - INFO - Inserted 2 rows into ss_t_teacher_salary_structure
2025-08-16 18:04:05,205 - INFO - Loading table: ss_t_teacher_salary_payslip from teacher_salary_payslip.xlsx
2025-08-16 18:04:05,236 - INFO - Inserted 2 rows into ss_t_teacher_salary_payslip
2025-08-16 18:04:05,237 - INFO - Loading table: ss_t_teacher_section_map from teacher_section_map.xlsx
2025-08-16 18:04:05,275 - INFO - Inserted 2 rows into ss_t_teacher_section_map
2025-08-16 18:04:05,275 - INFO - ETL process completed.
